\BOOKMARK [0][-]{chapter.1}{\376\377\0001\000\040\000B\000u\000g\000\040\000L\000i\000s\000t}{}% 1
\BOOKMARK [0][-]{chapter.2}{\376\377\0002\000\040\000D\000a\000t\000a\000\040\000S\000t\000r\000u\000c\000t\000u\000r\000e\000\040\000I\000n\000d\000e\000x}{}% 2
\BOOKMARK [1][-]{section.2.1}{\376\377\0002\000.\0001\000\040\000D\000a\000t\000a\000\040\000S\000t\000r\000u\000c\000t\000u\000r\000e\000s}{chapter.2}% 3
\BOOKMARK [0][-]{chapter.3}{\376\377\0003\000\040\000F\000i\000l\000e\000\040\000I\000n\000d\000e\000x}{}% 4
\BOOKMARK [1][-]{section.3.1}{\376\377\0003\000.\0001\000\040\000F\000i\000l\000e\000\040\000L\000i\000s\000t}{chapter.3}% 5
\BOOKMARK [0][-]{chapter.4}{\376\377\0004\000\040\000D\000a\000t\000a\000\040\000S\000t\000r\000u\000c\000t\000u\000r\000e\000\040\000D\000o\000c\000u\000m\000e\000n\000t\000a\000t\000i\000o\000n}{}% 6
\BOOKMARK [1][-]{section.4.1}{\376\377\0004\000.\0001\000\040\000d\000a\000t\000a\000\137\000i\000t\000e\000m\000\137\000t\000\040\000S\000t\000r\000u\000c\000t\000\040\000R\000e\000f\000e\000r\000e\000n\000c\000e}{chapter.4}% 7
\BOOKMARK [2][-]{subsection.4.1.1}{\376\377\0004\000.\0001\000.\0001\000\040\000F\000i\000e\000l\000d\000\040\000D\000o\000c\000u\000m\000e\000n\000t\000a\000t\000i\000o\000n}{section.4.1}% 8
\BOOKMARK [3][-]{subsubsection.4.1.1.1}{\376\377\0004\000.\0001\000.\0001\000.\0001\000\040\000d\000a\000t\000a}{subsection.4.1.1}% 9
\BOOKMARK [3][-]{subsubsection.4.1.1.2}{\376\377\0004\000.\0001\000.\0001\000.\0002\000\040\000f\000i\000f\000o\000\137\000r\000e\000s\000e\000r\000v\000e\000d}{subsection.4.1.1}% 10
\BOOKMARK [0][-]{chapter.5}{\376\377\0005\000\040\000F\000i\000l\000e\000\040\000D\000o\000c\000u\000m\000e\000n\000t\000a\000t\000i\000o\000n}{}% 11
\BOOKMARK [1][-]{section.5.1}{\376\377\0005\000.\0001\000\040\000C\000M\000a\000k\000e\000L\000i\000s\000t\000s\000.\000t\000x\000t\000\040\000F\000i\000l\000e\000\040\000R\000e\000f\000e\000r\000e\000n\000c\000e}{chapter.5}% 12
\BOOKMARK [2][-]{subsection.5.1.1}{\376\377\0005\000.\0001\000.\0001\000\040\000F\000u\000n\000c\000t\000i\000o\000n\000\040\000D\000o\000c\000u\000m\000e\000n\000t\000a\000t\000i\000o\000n}{section.5.1}% 13
\BOOKMARK [3][-]{subsubsection.5.1.1.1}{\376\377\0005\000.\0001\000.\0001\000.\0001\000\040\000c\000m\000a\000k\000e\000\137\000m\000i\000n\000i\000m\000u\000m\000\137\000r\000e\000q\000u\000i\000r\000e\000d\000\050\000\051}{subsection.5.1.1}% 14
\BOOKMARK [1][-]{section.5.2}{\376\377\0005\000.\0002\000\040\000f\000i\000f\000o\000.\000h\000\040\000F\000i\000l\000e\000\040\000R\000e\000f\000e\000r\000e\000n\000c\000e}{chapter.5}% 15
\BOOKMARK [2][-]{subsection.5.2.1}{\376\377\0005\000.\0002\000.\0001\000\040\000D\000e\000t\000a\000i\000l\000e\000d\000\040\000D\000e\000s\000c\000r\000i\000p\000t\000i\000o\000n}{section.5.2}% 16
\BOOKMARK [2][-]{subsection.5.2.2}{\376\377\0005\000.\0002\000.\0002\000\040\000F\000u\000n\000c\000t\000i\000o\000n\000\040\000D\000o\000c\000u\000m\000e\000n\000t\000a\000t\000i\000o\000n}{section.5.2}% 17
\BOOKMARK [3][-]{subsubsection.5.2.2.1}{\376\377\0005\000.\0002\000.\0002\000.\0001\000\040\000m\000a\000i\000n\000\050\000\051}{subsection.5.2.2}% 18
\BOOKMARK [3][-]{subsubsection.5.2.2.2}{\376\377\0005\000.\0002\000.\0002\000.\0002\000\040\000t\000h\000r\000e\000a\000d\000\137\000A\000\137\000c\000o\000d\000e\000\050\000\051}{subsection.5.2.2}% 19
\BOOKMARK [3][-]{subsubsection.5.2.2.3}{\376\377\0005\000.\0002\000.\0002\000.\0003\000\040\000t\000h\000r\000e\000a\000d\000\137\000B\000\137\000c\000o\000d\000e\000\050\000\051}{subsection.5.2.2}% 20
\BOOKMARK [3][-]{subsubsection.5.2.2.4}{\376\377\0005\000.\0002\000.\0002\000.\0004\000\040\000t\000h\000r\000e\000a\000d\000\137\000C\000\137\000c\000o\000d\000e\000\050\000\051}{subsection.5.2.2}% 21
\BOOKMARK [1][-]{section.5.3}{\376\377\0005\000.\0003\000\040\000m\000a\000i\000n\000.\000c\000\040\000F\000i\000l\000e\000\040\000R\000e\000f\000e\000r\000e\000n\000c\000e}{chapter.5}% 22
\BOOKMARK [2][-]{subsection.5.3.1}{\376\377\0005\000.\0003\000.\0001\000\040\000M\000a\000c\000r\000o\000\040\000D\000e\000f\000i\000n\000i\000t\000i\000o\000n\000\040\000D\000o\000c\000u\000m\000e\000n\000t\000a\000t\000i\000o\000n}{section.5.3}% 23
\BOOKMARK [3][-]{subsubsection.5.3.1.1}{\376\377\0005\000.\0003\000.\0001\000.\0001\000\040\000A\000D\000C\000\137\000A\000C\000Q\000U\000I\000S\000I\000T\000I\000O\000N\000\137\000T\000I\000M\000E}{subsection.5.3.1}% 24
\BOOKMARK [3][-]{subsubsection.5.3.1.2}{\376\377\0005\000.\0003\000.\0001\000.\0002\000\040\000A\000D\000C\000\137\000C\000H\000A\000N\000N\000E\000L\000\137\000I\000D}{subsection.5.3.1}% 25
\BOOKMARK [3][-]{subsubsection.5.3.1.3}{\376\377\0005\000.\0003\000.\0001\000.\0003\000\040\000A\000D\000C\000\137\000C\000H\000A\000N\000N\000E\000L\000\137\000I\000N\000P\000U\000T}{subsection.5.3.1}% 26
\BOOKMARK [3][-]{subsubsection.5.3.1.4}{\376\377\0005\000.\0003\000.\0001\000.\0004\000\040\000A\000D\000C\000\137\000G\000A\000I\000N}{subsection.5.3.1}% 27
\BOOKMARK [3][-]{subsubsection.5.3.1.5}{\376\377\0005\000.\0003\000.\0001\000.\0005\000\040\000A\000D\000C\000\137\000N\000I\000D}{subsection.5.3.1}% 28
\BOOKMARK [3][-]{subsubsection.5.3.1.6}{\376\377\0005\000.\0003\000.\0001\000.\0006\000\040\000A\000D\000C\000\137\000R\000E\000F\000E\000R\000E\000N\000C\000E}{subsection.5.3.1}% 29
\BOOKMARK [3][-]{subsubsection.5.3.1.7}{\376\377\0005\000.\0003\000.\0001\000.\0007\000\040\000A\000D\000C\000\137\000R\000E\000S\000O\000L\000U\000T\000I\000O\000N}{subsection.5.3.1}% 30
\BOOKMARK [3][-]{subsubsection.5.3.1.8}{\376\377\0005\000.\0003\000.\0001\000.\0008\000\040\000B\000O\000A\000R\000D\000L\000E\000D\0001}{subsection.5.3.1}% 31
\BOOKMARK [3][-]{subsubsection.5.3.1.9}{\376\377\0005\000.\0003\000.\0001\000.\0009\000\040\000B\000U\000F\000F\000E\000R\000\137\000S\000I\000Z\000E}{subsection.5.3.1}% 32
\BOOKMARK [3][-]{subsubsection.5.3.1.10}{\376\377\0005\000.\0003\000.\0001\000.\0001\0000\000\040\000G\000P\000I\000O\0000\000\137\000N\000I\000D}{subsection.5.3.1}% 33
\BOOKMARK [3][-]{subsubsection.5.3.1.11}{\376\377\0005\000.\0003\000.\0001\000.\0001\0001\000\040\000l\000e\000n\000\137\000d\000a\000d\000o\000s}{subsection.5.3.1}% 34
\BOOKMARK [3][-]{subsubsection.5.3.1.12}{\376\377\0005\000.\0003\000.\0001\000.\0001\0002\000\040\000P\000W\000M\0000\000\137\000N\000I\000D}{subsection.5.3.1}% 35
\BOOKMARK [3][-]{subsubsection.5.3.1.13}{\376\377\0005\000.\0003\000.\0001\000.\0001\0003\000\040\000S\000T\000A\000C\000K\000\137\000S\000I\000Z\000E}{subsection.5.3.1}% 36
\BOOKMARK [3][-]{subsubsection.5.3.1.14}{\376\377\0005\000.\0003\000.\0001\000.\0001\0004\000\040\000t\000h\000r\000e\000a\000d\000\137\000A\000\137\000p\000e\000r\000i\000o\000d}{subsection.5.3.1}% 37
\BOOKMARK [3][-]{subsubsection.5.3.1.15}{\376\377\0005\000.\0003\000.\0001\000.\0001\0005\000\040\000t\000h\000r\000e\000a\000d\000\137\000A\000\137\000p\000r\000i\000o}{subsection.5.3.1}% 38
\BOOKMARK [3][-]{subsubsection.5.3.1.16}{\376\377\0005\000.\0003\000.\0001\000.\0001\0006\000\040\000t\000h\000r\000e\000a\000d\000\137\000B\000\137\000p\000r\000i\000o}{subsection.5.3.1}% 39
\BOOKMARK [3][-]{subsubsection.5.3.1.17}{\376\377\0005\000.\0003\000.\0001\000.\0001\0007\000\040\000t\000h\000r\000e\000a\000d\000\137\000C\000\137\000p\000r\000i\000o}{subsection.5.3.1}% 40
\BOOKMARK [2][-]{subsection.5.3.2}{\376\377\0005\000.\0003\000.\0002\000\040\000F\000u\000n\000c\000t\000i\000o\000n\000\040\000D\000o\000c\000u\000m\000e\000n\000t\000a\000t\000i\000o\000n}{section.5.3}% 41
\BOOKMARK [3][-]{subsubsection.5.3.2.1}{\376\377\0005\000.\0003\000.\0002\000.\0001\000\040\000K\000\137\000T\000H\000R\000E\000A\000D\000\137\000S\000T\000A\000C\000K\000\137\000D\000E\000F\000I\000N\000E\000\050\000\051\000\040\000[\0001\000/\0003\000]}{subsection.5.3.2}% 42
\BOOKMARK [3][-]{subsubsection.5.3.2.2}{\376\377\0005\000.\0003\000.\0002\000.\0002\000\040\000K\000\137\000T\000H\000R\000E\000A\000D\000\137\000S\000T\000A\000C\000K\000\137\000D\000E\000F\000I\000N\000E\000\050\000\051\000\040\000[\0002\000/\0003\000]}{subsection.5.3.2}% 43
\BOOKMARK [3][-]{subsubsection.5.3.2.3}{\376\377\0005\000.\0003\000.\0002\000.\0003\000\040\000K\000\137\000T\000H\000R\000E\000A\000D\000\137\000S\000T\000A\000C\000K\000\137\000D\000E\000F\000I\000N\000E\000\050\000\051\000\040\000[\0003\000/\0003\000]}{subsection.5.3.2}% 44
\BOOKMARK [3][-]{subsubsection.5.3.2.4}{\376\377\0005\000.\0003\000.\0002\000.\0004\000\040\000m\000a\000i\000n\000\050\000\051}{subsection.5.3.2}% 45
\BOOKMARK [3][-]{subsubsection.5.3.2.5}{\376\377\0005\000.\0003\000.\0002\000.\0005\000\040\000t\000h\000r\000e\000a\000d\000\137\000A\000\137\000c\000o\000d\000e\000\050\000\051}{subsection.5.3.2}% 46
\BOOKMARK [3][-]{subsubsection.5.3.2.6}{\376\377\0005\000.\0003\000.\0002\000.\0006\000\040\000t\000h\000r\000e\000a\000d\000\137\000B\000\137\000c\000o\000d\000e\000\050\000\051}{subsection.5.3.2}% 47
\BOOKMARK [3][-]{subsubsection.5.3.2.7}{\376\377\0005\000.\0003\000.\0002\000.\0007\000\040\000t\000h\000r\000e\000a\000d\000\137\000C\000\137\000c\000o\000d\000e\000\050\000\051}{subsection.5.3.2}% 48
\BOOKMARK [2][-]{subsection.5.3.3}{\376\377\0005\000.\0003\000.\0003\000\040\000V\000a\000r\000i\000a\000b\000l\000e\000\040\000D\000o\000c\000u\000m\000e\000n\000t\000a\000t\000i\000o\000n}{section.5.3}% 49
\BOOKMARK [3][-]{subsubsection.5.3.3.1}{\376\377\0005\000.\0003\000.\0003\000.\0001\000\040\000a\000d\000c\000\137\000d\000e\000v}{subsection.5.3.3}% 50
\BOOKMARK [3][-]{subsubsection.5.3.3.2}{\376\377\0005\000.\0003\000.\0003\000.\0002\000\040\000f\000i\000f\000o\000\137\000a\000b}{subsection.5.3.3}% 51
\BOOKMARK [3][-]{subsubsection.5.3.3.3}{\376\377\0005\000.\0003\000.\0003\000.\0003\000\040\000f\000i\000f\000o\000\137\000b\000c}{subsection.5.3.3}% 52
\BOOKMARK [3][-]{subsubsection.5.3.3.4}{\376\377\0005\000.\0003\000.\0003\000.\0004\000\040\000m\000y\000\137\000t\000i\000m\000e\000r}{subsection.5.3.3}% 53
\BOOKMARK [3][-]{subsubsection.5.3.3.5}{\376\377\0005\000.\0003\000.\0003\000.\0005\000\040\000t\000h\000r\000e\000a\000d\000\137\000A\000\137\000d\000a\000t\000a}{subsection.5.3.3}% 54
\BOOKMARK [3][-]{subsubsection.5.3.3.6}{\376\377\0005\000.\0003\000.\0003\000.\0006\000\040\000t\000h\000r\000e\000a\000d\000\137\000A\000\137\000t\000i\000d}{subsection.5.3.3}% 55
\BOOKMARK [3][-]{subsubsection.5.3.3.7}{\376\377\0005\000.\0003\000.\0003\000.\0007\000\040\000t\000h\000r\000e\000a\000d\000\137\000B\000\137\000d\000a\000t\000a}{subsection.5.3.3}% 56
\BOOKMARK [3][-]{subsubsection.5.3.3.8}{\376\377\0005\000.\0003\000.\0003\000.\0008\000\040\000t\000h\000r\000e\000a\000d\000\137\000B\000\137\000t\000i\000d}{subsection.5.3.3}% 57
\BOOKMARK [3][-]{subsubsection.5.3.3.9}{\376\377\0005\000.\0003\000.\0003\000.\0009\000\040\000t\000h\000r\000e\000a\000d\000\137\000C\000\137\000d\000a\000t\000a}{subsection.5.3.3}% 58
\BOOKMARK [3][-]{subsubsection.5.3.3.10}{\376\377\0005\000.\0003\000.\0003\000.\0001\0000\000\040\000t\000h\000r\000e\000a\000d\000\137\000C\000\137\000t\000i\000d}{subsection.5.3.3}% 59
\BOOKMARK [0][-]{section*.9}{\376\377\000I\000n\000d\000e\000x}{}% 60
