\BOOKMARK [0][-]{chapter.1}{\376\377\0001\000\040\000B\000u\000g\000\040\000L\000i\000s\000t}{}% 1
\BOOKMARK [0][-]{chapter.2}{\376\377\0002\000\040\000F\000i\000l\000e\000\040\000I\000n\000d\000e\000x}{}% 2
\BOOKMARK [1][-]{section.2.1}{\376\377\0002\000.\0001\000\040\000F\000i\000l\000e\000\040\000L\000i\000s\000t}{chapter.2}% 3
\BOOKMARK [0][-]{chapter.3}{\376\377\0003\000\040\000F\000i\000l\000e\000\040\000D\000o\000c\000u\000m\000e\000n\000t\000a\000t\000i\000o\000n}{}% 4
\BOOKMARK [1][-]{section.3.1}{\376\377\0003\000.\0001\000\040\000C\000M\000a\000k\000e\000L\000i\000s\000t\000s\000.\000t\000x\000t\000\040\000F\000i\000l\000e\000\040\000R\000e\000f\000e\000r\000e\000n\000c\000e}{chapter.3}% 5
\BOOKMARK [2][-]{subsection.3.1.1}{\376\377\0003\000.\0001\000.\0001\000\040\000F\000u\000n\000c\000t\000i\000o\000n\000\040\000D\000o\000c\000u\000m\000e\000n\000t\000a\000t\000i\000o\000n}{section.3.1}% 6
\BOOKMARK [3][-]{subsubsection.3.1.1.1}{\376\377\0003\000.\0001\000.\0001\000.\0001\000\040\000c\000m\000a\000k\000e\000\137\000m\000i\000n\000i\000m\000u\000m\000\137\000r\000e\000q\000u\000i\000r\000e\000d\000\050\000\051}{subsection.3.1.1}% 7
\BOOKMARK [1][-]{section.3.2}{\376\377\0003\000.\0002\000\040\000m\000a\000i\000n\000.\000c\000\040\000F\000i\000l\000e\000\040\000R\000e\000f\000e\000r\000e\000n\000c\000e}{chapter.3}% 8
\BOOKMARK [2][-]{subsection.3.2.1}{\376\377\0003\000.\0002\000.\0001\000\040\000D\000e\000t\000a\000i\000l\000e\000d\000\040\000D\000e\000s\000c\000r\000i\000p\000t\000i\000o\000n}{section.3.2}% 9
\BOOKMARK [2][-]{subsection.3.2.2}{\376\377\0003\000.\0002\000.\0002\000\040\000M\000a\000c\000r\000o\000\040\000D\000e\000f\000i\000n\000i\000t\000i\000o\000n\000\040\000D\000o\000c\000u\000m\000e\000n\000t\000a\000t\000i\000o\000n}{section.3.2}% 10
\BOOKMARK [3][-]{subsubsection.3.2.2.1}{\376\377\0003\000.\0002\000.\0002\000.\0001\000\040\000A\000D\000C\000\137\000A\000C\000Q\000U\000I\000S\000I\000T\000I\000O\000N\000\137\000T\000I\000M\000E}{subsection.3.2.2}% 11
\BOOKMARK [3][-]{subsubsection.3.2.2.2}{\376\377\0003\000.\0002\000.\0002\000.\0002\000\040\000A\000D\000C\000\137\000C\000H\000A\000N\000N\000E\000L\000\137\000I\000D}{subsection.3.2.2}% 12
\BOOKMARK [3][-]{subsubsection.3.2.2.3}{\376\377\0003\000.\0002\000.\0002\000.\0003\000\040\000A\000D\000C\000\137\000C\000H\000A\000N\000N\000E\000L\000\137\000I\000N\000P\000U\000T}{subsection.3.2.2}% 13
\BOOKMARK [3][-]{subsubsection.3.2.2.4}{\376\377\0003\000.\0002\000.\0002\000.\0004\000\040\000A\000D\000C\000\137\000G\000A\000I\000N}{subsection.3.2.2}% 14
\BOOKMARK [3][-]{subsubsection.3.2.2.5}{\376\377\0003\000.\0002\000.\0002\000.\0005\000\040\000A\000D\000C\000\137\000N\000I\000D}{subsection.3.2.2}% 15
\BOOKMARK [3][-]{subsubsection.3.2.2.6}{\376\377\0003\000.\0002\000.\0002\000.\0006\000\040\000A\000D\000C\000\137\000R\000E\000F\000E\000R\000E\000N\000C\000E}{subsection.3.2.2}% 16
\BOOKMARK [3][-]{subsubsection.3.2.2.7}{\376\377\0003\000.\0002\000.\0002\000.\0007\000\040\000A\000D\000C\000\137\000R\000E\000S\000O\000L\000U\000T\000I\000O\000N}{subsection.3.2.2}% 17
\BOOKMARK [3][-]{subsubsection.3.2.2.8}{\376\377\0003\000.\0002\000.\0002\000.\0008\000\040\000B\000O\000A\000R\000D\000L\000E\000D\0001}{subsection.3.2.2}% 18
\BOOKMARK [3][-]{subsubsection.3.2.2.9}{\376\377\0003\000.\0002\000.\0002\000.\0009\000\040\000B\000U\000F\000F\000E\000R\000\137\000S\000I\000Z\000E}{subsection.3.2.2}% 19
\BOOKMARK [3][-]{subsubsection.3.2.2.10}{\376\377\0003\000.\0002\000.\0002\000.\0001\0000\000\040\000G\000P\000I\000O\0000\000\137\000N\000I\000D}{subsection.3.2.2}% 20
\BOOKMARK [3][-]{subsubsection.3.2.2.11}{\376\377\0003\000.\0002\000.\0002\000.\0001\0001\000\040\000l\000e\000n\000\137\000d\000a\000d\000o\000s}{subsection.3.2.2}% 21
\BOOKMARK [3][-]{subsubsection.3.2.2.12}{\376\377\0003\000.\0002\000.\0002\000.\0001\0002\000\040\000P\000W\000M\0000\000\137\000N\000I\000D}{subsection.3.2.2}% 22
\BOOKMARK [3][-]{subsubsection.3.2.2.13}{\376\377\0003\000.\0002\000.\0002\000.\0001\0003\000\040\000S\000T\000A\000C\000K\000\137\000S\000I\000Z\000E}{subsection.3.2.2}% 23
\BOOKMARK [3][-]{subsubsection.3.2.2.14}{\376\377\0003\000.\0002\000.\0002\000.\0001\0004\000\040\000t\000h\000r\000e\000a\000d\000\137\000A\000\137\000p\000e\000r\000i\000o\000d}{subsection.3.2.2}% 24
\BOOKMARK [3][-]{subsubsection.3.2.2.15}{\376\377\0003\000.\0002\000.\0002\000.\0001\0005\000\040\000t\000h\000r\000e\000a\000d\000\137\000A\000\137\000p\000r\000i\000o}{subsection.3.2.2}% 25
\BOOKMARK [3][-]{subsubsection.3.2.2.16}{\376\377\0003\000.\0002\000.\0002\000.\0001\0006\000\040\000t\000h\000r\000e\000a\000d\000\137\000B\000\137\000p\000r\000i\000o}{subsection.3.2.2}% 26
\BOOKMARK [3][-]{subsubsection.3.2.2.17}{\376\377\0003\000.\0002\000.\0002\000.\0001\0007\000\040\000t\000h\000r\000e\000a\000d\000\137\000C\000\137\000p\000r\000i\000o}{subsection.3.2.2}% 27
\BOOKMARK [2][-]{subsection.3.2.3}{\376\377\0003\000.\0002\000.\0003\000\040\000F\000u\000n\000c\000t\000i\000o\000n\000\040\000D\000o\000c\000u\000m\000e\000n\000t\000a\000t\000i\000o\000n}{section.3.2}% 28
\BOOKMARK [3][-]{subsubsection.3.2.3.1}{\376\377\0003\000.\0002\000.\0003\000.\0001\000\040\000K\000\137\000T\000H\000R\000E\000A\000D\000\137\000S\000T\000A\000C\000K\000\137\000D\000E\000F\000I\000N\000E\000\050\000\051\000\040\000[\0001\000/\0003\000]}{subsection.3.2.3}% 29
\BOOKMARK [3][-]{subsubsection.3.2.3.2}{\376\377\0003\000.\0002\000.\0003\000.\0002\000\040\000K\000\137\000T\000H\000R\000E\000A\000D\000\137\000S\000T\000A\000C\000K\000\137\000D\000E\000F\000I\000N\000E\000\050\000\051\000\040\000[\0002\000/\0003\000]}{subsection.3.2.3}% 30
\BOOKMARK [3][-]{subsubsection.3.2.3.3}{\376\377\0003\000.\0002\000.\0003\000.\0003\000\040\000K\000\137\000T\000H\000R\000E\000A\000D\000\137\000S\000T\000A\000C\000K\000\137\000D\000E\000F\000I\000N\000E\000\050\000\051\000\040\000[\0003\000/\0003\000]}{subsection.3.2.3}% 31
\BOOKMARK [3][-]{subsubsection.3.2.3.4}{\376\377\0003\000.\0002\000.\0003\000.\0004\000\040\000m\000a\000i\000n\000\050\000\051}{subsection.3.2.3}% 32
\BOOKMARK [3][-]{subsubsection.3.2.3.5}{\376\377\0003\000.\0002\000.\0003\000.\0005\000\040\000t\000h\000r\000e\000a\000d\000\137\000A\000\137\000c\000o\000d\000e\000\050\000\051}{subsection.3.2.3}% 33
\BOOKMARK [3][-]{subsubsection.3.2.3.6}{\376\377\0003\000.\0002\000.\0003\000.\0006\000\040\000t\000h\000r\000e\000a\000d\000\137\000B\000\137\000c\000o\000d\000e\000\050\000\051}{subsection.3.2.3}% 34
\BOOKMARK [3][-]{subsubsection.3.2.3.7}{\376\377\0003\000.\0002\000.\0003\000.\0007\000\040\000t\000h\000r\000e\000a\000d\000\137\000C\000\137\000c\000o\000d\000e\000\050\000\051}{subsection.3.2.3}% 35
\BOOKMARK [2][-]{subsection.3.2.4}{\376\377\0003\000.\0002\000.\0004\000\040\000V\000a\000r\000i\000a\000b\000l\000e\000\040\000D\000o\000c\000u\000m\000e\000n\000t\000a\000t\000i\000o\000n}{section.3.2}% 36
\BOOKMARK [3][-]{subsubsection.3.2.4.1}{\376\377\0003\000.\0002\000.\0004\000.\0001\000\040\000a\000b}{subsection.3.2.4}% 37
\BOOKMARK [3][-]{subsubsection.3.2.4.2}{\376\377\0003\000.\0002\000.\0004\000.\0002\000\040\000a\000d\000c\000\137\000d\000e\000v}{subsection.3.2.4}% 38
\BOOKMARK [3][-]{subsubsection.3.2.4.3}{\376\377\0003\000.\0002\000.\0004\000.\0003\000\040\000b\000c}{subsection.3.2.4}% 39
\BOOKMARK [3][-]{subsubsection.3.2.4.4}{\376\377\0003\000.\0002\000.\0004\000.\0004\000\040\000m\000y\000\137\000t\000i\000m\000e\000r}{subsection.3.2.4}% 40
\BOOKMARK [3][-]{subsubsection.3.2.4.5}{\376\377\0003\000.\0002\000.\0004\000.\0005\000\040\000s\000e\000m\000\137\000a\000b}{subsection.3.2.4}% 41
\BOOKMARK [3][-]{subsubsection.3.2.4.6}{\376\377\0003\000.\0002\000.\0004\000.\0006\000\040\000s\000e\000m\000\137\000b\000c}{subsection.3.2.4}% 42
\BOOKMARK [3][-]{subsubsection.3.2.4.7}{\376\377\0003\000.\0002\000.\0004\000.\0007\000\040\000t\000h\000r\000e\000a\000d\000\137\000A\000\137\000d\000a\000t\000a}{subsection.3.2.4}% 43
\BOOKMARK [3][-]{subsubsection.3.2.4.8}{\376\377\0003\000.\0002\000.\0004\000.\0008\000\040\000t\000h\000r\000e\000a\000d\000\137\000A\000\137\000t\000i\000d}{subsection.3.2.4}% 44
\BOOKMARK [3][-]{subsubsection.3.2.4.9}{\376\377\0003\000.\0002\000.\0004\000.\0009\000\040\000t\000h\000r\000e\000a\000d\000\137\000B\000\137\000d\000a\000t\000a}{subsection.3.2.4}% 45
\BOOKMARK [3][-]{subsubsection.3.2.4.10}{\376\377\0003\000.\0002\000.\0004\000.\0001\0000\000\040\000t\000h\000r\000e\000a\000d\000\137\000B\000\137\000t\000i\000d}{subsection.3.2.4}% 46
\BOOKMARK [3][-]{subsubsection.3.2.4.11}{\376\377\0003\000.\0002\000.\0004\000.\0001\0001\000\040\000t\000h\000r\000e\000a\000d\000\137\000C\000\137\000d\000a\000t\000a}{subsection.3.2.4}% 47
\BOOKMARK [3][-]{subsubsection.3.2.4.12}{\376\377\0003\000.\0002\000.\0004\000.\0001\0002\000\040\000t\000h\000r\000e\000a\000d\000\137\000C\000\137\000t\000i\000d}{subsection.3.2.4}% 48
\BOOKMARK [1][-]{section.3.3}{\376\377\0003\000.\0003\000\040\000s\000e\000m\000a\000p\000h\000o\000r\000e\000.\000h\000\040\000F\000i\000l\000e\000\040\000R\000e\000f\000e\000r\000e\000n\000c\000e}{chapter.3}% 49
\BOOKMARK [2][-]{subsection.3.3.1}{\376\377\0003\000.\0003\000.\0001\000\040\000D\000e\000t\000a\000i\000l\000e\000d\000\040\000D\000e\000s\000c\000r\000i\000p\000t\000i\000o\000n}{section.3.3}% 50
\BOOKMARK [2][-]{subsection.3.3.2}{\376\377\0003\000.\0003\000.\0002\000\040\000F\000u\000n\000c\000t\000i\000o\000n\000\040\000D\000o\000c\000u\000m\000e\000n\000t\000a\000t\000i\000o\000n}{section.3.3}% 51
\BOOKMARK [3][-]{subsubsection.3.3.2.1}{\376\377\0003\000.\0003\000.\0002\000.\0001\000\040\000m\000a\000i\000n\000\050\000\051}{subsection.3.3.2}% 52
\BOOKMARK [3][-]{subsubsection.3.3.2.2}{\376\377\0003\000.\0003\000.\0002\000.\0002\000\040\000t\000h\000r\000e\000a\000d\000\137\000A\000\137\000c\000o\000d\000e\000\050\000\051}{subsection.3.3.2}% 53
\BOOKMARK [3][-]{subsubsection.3.3.2.3}{\376\377\0003\000.\0003\000.\0002\000.\0003\000\040\000t\000h\000r\000e\000a\000d\000\137\000B\000\137\000c\000o\000d\000e\000\050\000\051}{subsection.3.3.2}% 54
\BOOKMARK [3][-]{subsubsection.3.3.2.4}{\376\377\0003\000.\0003\000.\0002\000.\0004\000\040\000t\000h\000r\000e\000a\000d\000\137\000C\000\137\000c\000o\000d\000e\000\050\000\051}{subsection.3.3.2}% 55
\BOOKMARK [0][-]{section*.7}{\376\377\000I\000n\000d\000e\000x}{}% 56
