\BOOKMARK [0][-]{chapter.1}{\376\377\0001\000\040\000B\000u\000g\000\040\000L\000i\000s\000t}{}% 1
\BOOKMARK [0][-]{chapter.2}{\376\377\0002\000\040\000F\000i\000l\000e\000\040\000I\000n\000d\000e\000x}{}% 2
\BOOKMARK [1][-]{section.2.1}{\376\377\0002\000.\0001\000\040\000F\000i\000l\000e\000\040\000L\000i\000s\000t}{chapter.2}% 3
\BOOKMARK [0][-]{chapter.3}{\376\377\0003\000\040\000F\000i\000l\000e\000\040\000D\000o\000c\000u\000m\000e\000n\000t\000a\000t\000i\000o\000n}{}% 4
\BOOKMARK [1][-]{section.3.1}{\376\377\0003\000.\0001\000\040\000C\000M\000a\000k\000e\000L\000i\000s\000t\000s\000.\000t\000x\000t\000\040\000F\000i\000l\000e\000\040\000R\000e\000f\000e\000r\000e\000n\000c\000e}{chapter.3}% 5
\BOOKMARK [2][-]{subsection.3.1.1}{\376\377\0003\000.\0001\000.\0001\000\040\000F\000u\000n\000c\000t\000i\000o\000n\000\040\000D\000o\000c\000u\000m\000e\000n\000t\000a\000t\000i\000o\000n}{section.3.1}% 6
\BOOKMARK [3][-]{subsubsection.3.1.1.1}{\376\377\0003\000.\0001\000.\0001\000.\0001\000\040\000c\000m\000a\000k\000e\000\137\000m\000i\000n\000i\000m\000u\000m\000\137\000r\000e\000q\000u\000i\000r\000e\000d\000\050\000\051}{subsection.3.1.1}% 7
\BOOKMARK [1][-]{section.3.2}{\376\377\0003\000.\0002\000\040\000m\000a\000i\000n\000.\000c\000\040\000F\000i\000l\000e\000\040\000R\000e\000f\000e\000r\000e\000n\000c\000e}{chapter.3}% 8
\BOOKMARK [2][-]{subsection.3.2.1}{\376\377\0003\000.\0002\000.\0001\000\040\000M\000a\000c\000r\000o\000\040\000D\000e\000f\000i\000n\000i\000t\000i\000o\000n\000\040\000D\000o\000c\000u\000m\000e\000n\000t\000a\000t\000i\000o\000n}{section.3.2}% 9
\BOOKMARK [3][-]{subsubsection.3.2.1.1}{\376\377\0003\000.\0002\000.\0001\000.\0001\000\040\000A\000D\000C\000\137\000A\000C\000Q\000U\000I\000S\000I\000T\000I\000O\000N\000\137\000T\000I\000M\000E}{subsection.3.2.1}% 10
\BOOKMARK [3][-]{subsubsection.3.2.1.2}{\376\377\0003\000.\0002\000.\0001\000.\0002\000\040\000A\000D\000C\000\137\000C\000H\000A\000N\000N\000E\000L\000\137\000I\000D}{subsection.3.2.1}% 11
\BOOKMARK [3][-]{subsubsection.3.2.1.3}{\376\377\0003\000.\0002\000.\0001\000.\0003\000\040\000A\000D\000C\000\137\000C\000H\000A\000N\000N\000E\000L\000\137\000I\000N\000P\000U\000T}{subsection.3.2.1}% 12
\BOOKMARK [3][-]{subsubsection.3.2.1.4}{\376\377\0003\000.\0002\000.\0001\000.\0004\000\040\000A\000D\000C\000\137\000G\000A\000I\000N}{subsection.3.2.1}% 13
\BOOKMARK [3][-]{subsubsection.3.2.1.5}{\376\377\0003\000.\0002\000.\0001\000.\0005\000\040\000A\000D\000C\000\137\000N\000I\000D}{subsection.3.2.1}% 14
\BOOKMARK [3][-]{subsubsection.3.2.1.6}{\376\377\0003\000.\0002\000.\0001\000.\0006\000\040\000A\000D\000C\000\137\000R\000E\000F\000E\000R\000E\000N\000C\000E}{subsection.3.2.1}% 15
\BOOKMARK [3][-]{subsubsection.3.2.1.7}{\376\377\0003\000.\0002\000.\0001\000.\0007\000\040\000A\000D\000C\000\137\000R\000E\000S\000O\000L\000U\000T\000I\000O\000N}{subsection.3.2.1}% 16
\BOOKMARK [3][-]{subsubsection.3.2.1.8}{\376\377\0003\000.\0002\000.\0001\000.\0008\000\040\000B\000O\000A\000R\000D\000B\000U\000T\0001}{subsection.3.2.1}% 17
\BOOKMARK [3][-]{subsubsection.3.2.1.9}{\376\377\0003\000.\0002\000.\0001\000.\0009\000\040\000B\000O\000A\000R\000D\000B\000U\000T\0002\000\040\000[\0001\000/\0002\000]}{subsection.3.2.1}% 18
\BOOKMARK [3][-]{subsubsection.3.2.1.10}{\376\377\0003\000.\0002\000.\0001\000.\0001\0000\000\040\000B\000O\000A\000R\000D\000B\000U\000T\0002\000\040\000[\0002\000/\0002\000]}{subsection.3.2.1}% 19
\BOOKMARK [3][-]{subsubsection.3.2.1.11}{\376\377\0003\000.\0002\000.\0001\000.\0001\0001\000\040\000B\000O\000A\000R\000D\000B\000U\000T\0004}{subsection.3.2.1}% 20
\BOOKMARK [3][-]{subsubsection.3.2.1.12}{\376\377\0003\000.\0002\000.\0001\000.\0001\0002\000\040\000B\000O\000A\000R\000D\000L\000E\000D\0001}{subsection.3.2.1}% 21
\BOOKMARK [3][-]{subsubsection.3.2.1.13}{\376\377\0003\000.\0002\000.\0001\000.\0001\0003\000\040\000B\000U\000F\000F\000E\000R\000\137\000S\000I\000Z\000E}{subsection.3.2.1}% 22
\BOOKMARK [3][-]{subsubsection.3.2.1.14}{\376\377\0003\000.\0002\000.\0001\000.\0001\0004\000\040\000F\000A\000T\000A\000L\000\137\000E\000R\000R}{subsection.3.2.1}% 23
\BOOKMARK [3][-]{subsubsection.3.2.1.15}{\376\377\0003\000.\0002\000.\0001\000.\0001\0005\000\040\000G\000P\000I\000O\0000\000\137\000N\000I\000D}{subsection.3.2.1}% 24
\BOOKMARK [3][-]{subsubsection.3.2.1.16}{\376\377\0003\000.\0002\000.\0001\000.\0001\0006\000\040\000l\000e\000n\000\137\000d\000a\000d\000o\000s}{subsection.3.2.1}% 25
\BOOKMARK [3][-]{subsubsection.3.2.1.17}{\376\377\0003\000.\0002\000.\0001\000.\0001\0007\000\040\000M\000A\000I\000N\000\137\000S\000L\000E\000E\000P\000\137\000T\000I\000M\000E\000\137\000M\000S}{subsection.3.2.1}% 26
\BOOKMARK [3][-]{subsubsection.3.2.1.18}{\376\377\0003\000.\0002\000.\0001\000.\0001\0008\000\040\000P\000W\000M\0000\000\137\000N\000I\000D}{subsection.3.2.1}% 27
\BOOKMARK [3][-]{subsubsection.3.2.1.19}{\376\377\0003\000.\0002\000.\0001\000.\0001\0009\000\040\000R\000X\000\137\000T\000I\000M\000E\000O\000U\000T}{subsection.3.2.1}% 28
\BOOKMARK [3][-]{subsubsection.3.2.1.20}{\376\377\0003\000.\0002\000.\0001\000.\0002\0000\000\040\000R\000X\000B\000U\000F\000\137\000S\000I\000Z\000E}{subsection.3.2.1}% 29
\BOOKMARK [3][-]{subsubsection.3.2.1.21}{\376\377\0003\000.\0002\000.\0001\000.\0002\0001\000\040\000S\000A\000M\000P\000\137\000P\000E\000R\000I\000O\000D\000\137\000M\000S}{subsection.3.2.1}% 30
\BOOKMARK [3][-]{subsubsection.3.2.1.22}{\376\377\0003\000.\0002\000.\0001\000.\0002\0002\000\040\000S\000T\000A\000C\000K\000\137\000S\000I\000Z\000E}{subsection.3.2.1}% 31
\BOOKMARK [3][-]{subsubsection.3.2.1.23}{\376\377\0003\000.\0002\000.\0001\000.\0002\0003\000\040\000t\000h\000r\000e\000a\000d\000\137\000A\0001\000\137\000p\000r\000i\000o}{subsection.3.2.1}% 32
\BOOKMARK [3][-]{subsubsection.3.2.1.24}{\376\377\0003\000.\0002\000.\0001\000.\0002\0004\000\040\000t\000h\000r\000e\000a\000d\000\137\000A\000\137\000p\000r\000i\000o}{subsection.3.2.1}% 33
\BOOKMARK [3][-]{subsubsection.3.2.1.25}{\376\377\0003\000.\0002\000.\0001\000.\0002\0005\000\040\000t\000h\000r\000e\000a\000d\000\137\000B\000\137\000p\000r\000i\000o}{subsection.3.2.1}% 34
\BOOKMARK [3][-]{subsubsection.3.2.1.26}{\376\377\0003\000.\0002\000.\0001\000.\0002\0006\000\040\000t\000h\000r\000e\000a\000d\000\137\000C\000\137\000p\000r\000i\000o}{subsection.3.2.1}% 35
\BOOKMARK [3][-]{subsubsection.3.2.1.27}{\376\377\0003\000.\0002\000.\0001\000.\0002\0007\000\040\000t\000h\000r\000e\000a\000d\000\137\000D\000\137\000p\000r\000i\000o}{subsection.3.2.1}% 36
\BOOKMARK [3][-]{subsubsection.3.2.1.28}{\376\377\0003\000.\0002\000.\0001\000.\0002\0008\000\040\000T\000X\000B\000U\000F\000\137\000S\000I\000Z\000E}{subsection.3.2.1}% 37
\BOOKMARK [3][-]{subsubsection.3.2.1.29}{\376\377\0003\000.\0002\000.\0001\000.\0002\0009\000\040\000U\000A\000R\000T\000\137\000N\000I\000D}{subsection.3.2.1}% 38
\BOOKMARK [2][-]{subsection.3.2.2}{\376\377\0003\000.\0002\000.\0002\000\040\000F\000u\000n\000c\000t\000i\000o\000n\000\040\000D\000o\000c\000u\000m\000e\000n\000t\000a\000t\000i\000o\000n}{section.3.2}% 39
\BOOKMARK [3][-]{subsubsection.3.2.2.1}{\376\377\0003\000.\0002\000.\0002\000.\0001\000\040\000b\000u\000t\0001\000p\000r\000e\000s\000s\000\137\000c\000b\000f\000u\000n\000c\000t\000i\000o\000n\000\050\000\051}{subsection.3.2.2}% 40
\BOOKMARK [3][-]{subsubsection.3.2.2.2}{\376\377\0003\000.\0002\000.\0002\000.\0002\000\040\000b\000u\000t\0002\000p\000r\000e\000s\000s\000\137\000c\000b\000f\000u\000n\000c\000t\000i\000o\000n\000\050\000\051}{subsection.3.2.2}% 41
\BOOKMARK [3][-]{subsubsection.3.2.2.3}{\376\377\0003\000.\0002\000.\0002\000.\0003\000\040\000b\000u\000t\0004\000p\000r\000e\000s\000s\000\137\000c\000b\000f\000u\000n\000c\000t\000i\000o\000n\000\050\000\051}{subsection.3.2.2}% 42
\BOOKMARK [3][-]{subsubsection.3.2.2.4}{\376\377\0003\000.\0002\000.\0002\000.\0004\000\040\000K\000\137\000T\000H\000R\000E\000A\000D\000\137\000S\000T\000A\000C\000K\000\137\000D\000E\000F\000I\000N\000E\000\050\000\051\000\040\000[\0001\000/\0005\000]}{subsection.3.2.2}% 43
\BOOKMARK [3][-]{subsubsection.3.2.2.5}{\376\377\0003\000.\0002\000.\0002\000.\0005\000\040\000K\000\137\000T\000H\000R\000E\000A\000D\000\137\000S\000T\000A\000C\000K\000\137\000D\000E\000F\000I\000N\000E\000\050\000\051\000\040\000[\0002\000/\0005\000]}{subsection.3.2.2}% 44
\BOOKMARK [3][-]{subsubsection.3.2.2.6}{\376\377\0003\000.\0002\000.\0002\000.\0006\000\040\000K\000\137\000T\000H\000R\000E\000A\000D\000\137\000S\000T\000A\000C\000K\000\137\000D\000E\000F\000I\000N\000E\000\050\000\051\000\040\000[\0003\000/\0005\000]}{subsection.3.2.2}% 45
\BOOKMARK [3][-]{subsubsection.3.2.2.7}{\376\377\0003\000.\0002\000.\0002\000.\0007\000\040\000K\000\137\000T\000H\000R\000E\000A\000D\000\137\000S\000T\000A\000C\000K\000\137\000D\000E\000F\000I\000N\000E\000\050\000\051\000\040\000[\0004\000/\0005\000]}{subsection.3.2.2}% 46
\BOOKMARK [3][-]{subsubsection.3.2.2.8}{\376\377\0003\000.\0002\000.\0002\000.\0008\000\040\000K\000\137\000T\000H\000R\000E\000A\000D\000\137\000S\000T\000A\000C\000K\000\137\000D\000E\000F\000I\000N\000E\000\050\000\051\000\040\000[\0005\000/\0005\000]}{subsection.3.2.2}% 47
\BOOKMARK [3][-]{subsubsection.3.2.2.9}{\376\377\0003\000.\0002\000.\0002\000.\0009\000\040\000m\000a\000i\000n\000\050\000\051}{subsection.3.2.2}% 48
\BOOKMARK [3][-]{subsubsection.3.2.2.10}{\376\377\0003\000.\0002\000.\0002\000.\0001\0000\000\040\000t\000h\000r\000e\000a\000d\000\137\000A\0001\000\137\000c\000o\000d\000e\000\050\000\051}{subsection.3.2.2}% 49
\BOOKMARK [3][-]{subsubsection.3.2.2.11}{\376\377\0003\000.\0002\000.\0002\000.\0001\0001\000\040\000t\000h\000r\000e\000a\000d\000\137\000A\000\137\000c\000o\000d\000e\000\050\000\051}{subsection.3.2.2}% 50
\BOOKMARK [3][-]{subsubsection.3.2.2.12}{\376\377\0003\000.\0002\000.\0002\000.\0001\0002\000\040\000t\000h\000r\000e\000a\000d\000\137\000B\000\137\000c\000o\000d\000e\000\050\000\051}{subsection.3.2.2}% 51
\BOOKMARK [3][-]{subsubsection.3.2.2.13}{\376\377\0003\000.\0002\000.\0002\000.\0001\0003\000\040\000t\000h\000r\000e\000a\000d\000\137\000C\000\137\000c\000o\000d\000e\000\050\000\051}{subsection.3.2.2}% 52
\BOOKMARK [3][-]{subsubsection.3.2.2.14}{\376\377\0003\000.\0002\000.\0002\000.\0001\0004\000\040\000t\000h\000r\000e\000a\000d\000\137\000D\000\137\000c\000o\000d\000e\000\050\000\051}{subsection.3.2.2}% 53
\BOOKMARK [2][-]{subsection.3.2.3}{\376\377\0003\000.\0002\000.\0003\000\040\000V\000a\000r\000i\000a\000b\000l\000e\000\040\000D\000o\000c\000u\000m\000e\000n\000t\000a\000t\000i\000o\000n}{section.3.2}% 54
\BOOKMARK [3][-]{subsubsection.3.2.3.1}{\376\377\0003\000.\0002\000.\0003\000.\0001\000\040\000a\0001\000a}{subsection.3.2.3}% 55
\BOOKMARK [3][-]{subsubsection.3.2.3.2}{\376\377\0003\000.\0002\000.\0003\000.\0002\000\040\000a\000b}{subsection.3.2.3}% 56
\BOOKMARK [3][-]{subsubsection.3.2.3.3}{\376\377\0003\000.\0002\000.\0003\000.\0003\000\040\000a\000d\000c\000\137\000d\000e\000v}{subsection.3.2.3}% 57
\BOOKMARK [3][-]{subsubsection.3.2.3.4}{\376\377\0003\000.\0002\000.\0003\000.\0004\000\040\000b\000c}{subsection.3.2.3}% 58
\BOOKMARK [3][-]{subsubsection.3.2.3.5}{\376\377\0003\000.\0002\000.\0003\000.\0005\000\040\000b\000d}{subsection.3.2.3}% 59
\BOOKMARK [3][-]{subsubsection.3.2.3.6}{\376\377\0003\000.\0002\000.\0003\000.\0006\000\040\000F\000l\000a\000g\000\137\0001}{subsection.3.2.3}% 60
\BOOKMARK [3][-]{subsubsection.3.2.3.7}{\376\377\0003\000.\0002\000.\0003\000.\0007\000\040\000F\000l\000a\000g\000\137\0002}{subsection.3.2.3}% 61
\BOOKMARK [3][-]{subsubsection.3.2.3.8}{\376\377\0003\000.\0002\000.\0003\000.\0008\000\040\000F\000l\000a\000g\000\137\0003}{subsection.3.2.3}% 62
\BOOKMARK [3][-]{subsubsection.3.2.3.9}{\376\377\0003\000.\0002\000.\0003\000.\0009\000\040\000F\000l\000a\000g\000\137\0004}{subsection.3.2.3}% 63
\BOOKMARK [3][-]{subsubsection.3.2.3.10}{\376\377\0003\000.\0002\000.\0003\000.\0001\0000\000\040\000f\000l\000a\000g\000\137\000f\000l\000a\000g}{subsection.3.2.3}% 64
\BOOKMARK [3][-]{subsubsection.3.2.3.11}{\376\377\0003\000.\0002\000.\0003\000.\0001\0001\000\040\000g\000p\000i\000o\0000\000\137\000d\000e\000v}{subsection.3.2.3}% 65
\BOOKMARK [3][-]{subsubsection.3.2.3.12}{\376\377\0003\000.\0002\000.\0003\000.\0001\0002\000\040\000m\000y\000\137\000t\000i\000m\000e\000r}{subsection.3.2.3}% 66
\BOOKMARK [3][-]{subsubsection.3.2.3.13}{\376\377\0003\000.\0002\000.\0003\000.\0001\0003\000\040\000r\000e\000p\000\137\000m\000e\000s\000g}{subsection.3.2.3}% 67
\BOOKMARK [3][-]{subsubsection.3.2.3.14}{\376\377\0003\000.\0002\000.\0003\000.\0001\0004\000\040\000s\000e\000m\000\137\000a\0001\000a}{subsection.3.2.3}% 68
\BOOKMARK [3][-]{subsubsection.3.2.3.15}{\376\377\0003\000.\0002\000.\0003\000.\0001\0005\000\040\000s\000e\000m\000\137\000a\000b}{subsection.3.2.3}% 69
\BOOKMARK [3][-]{subsubsection.3.2.3.16}{\376\377\0003\000.\0002\000.\0003\000.\0001\0006\000\040\000s\000e\000m\000\137\000b\000c}{subsection.3.2.3}% 70
\BOOKMARK [3][-]{subsubsection.3.2.3.17}{\376\377\0003\000.\0002\000.\0003\000.\0001\0007\000\040\000s\000e\000m\000\137\000b\000d}{subsection.3.2.3}% 71
\BOOKMARK [3][-]{subsubsection.3.2.3.18}{\376\377\0003\000.\0002\000.\0003\000.\0001\0008\000\040\000t\000h\000r\000e\000a\000d\000\137\000A\0001\000\137\000d\000a\000t\000a}{subsection.3.2.3}% 72
\BOOKMARK [3][-]{subsubsection.3.2.3.19}{\376\377\0003\000.\0002\000.\0003\000.\0001\0009\000\040\000t\000h\000r\000e\000a\000d\000\137\000A\0001\000\137\000t\000i\000d}{subsection.3.2.3}% 73
\BOOKMARK [3][-]{subsubsection.3.2.3.20}{\376\377\0003\000.\0002\000.\0003\000.\0002\0000\000\040\000t\000h\000r\000e\000a\000d\000\137\000A\000\137\000d\000a\000t\000a}{subsection.3.2.3}% 74
\BOOKMARK [3][-]{subsubsection.3.2.3.21}{\376\377\0003\000.\0002\000.\0003\000.\0002\0001\000\040\000t\000h\000r\000e\000a\000d\000\137\000A\000\137\000t\000i\000d}{subsection.3.2.3}% 75
\BOOKMARK [3][-]{subsubsection.3.2.3.22}{\376\377\0003\000.\0002\000.\0003\000.\0002\0002\000\040\000t\000h\000r\000e\000a\000d\000\137\000B\000\137\000d\000a\000t\000a}{subsection.3.2.3}% 76
\BOOKMARK [3][-]{subsubsection.3.2.3.23}{\376\377\0003\000.\0002\000.\0003\000.\0002\0003\000\040\000t\000h\000r\000e\000a\000d\000\137\000B\000\137\000t\000i\000d}{subsection.3.2.3}% 77
\BOOKMARK [3][-]{subsubsection.3.2.3.24}{\376\377\0003\000.\0002\000.\0003\000.\0002\0004\000\040\000t\000h\000r\000e\000a\000d\000\137\000C\000\137\000d\000a\000t\000a}{subsection.3.2.3}% 78
\BOOKMARK [3][-]{subsubsection.3.2.3.25}{\376\377\0003\000.\0002\000.\0003\000.\0002\0005\000\040\000t\000h\000r\000e\000a\000d\000\137\000C\000\137\000t\000i\000d}{subsection.3.2.3}% 79
\BOOKMARK [3][-]{subsubsection.3.2.3.26}{\376\377\0003\000.\0002\000.\0003\000.\0002\0006\000\040\000t\000h\000r\000e\000a\000d\000\137\000D\000\137\000d\000a\000t\000a}{subsection.3.2.3}% 80
\BOOKMARK [3][-]{subsubsection.3.2.3.27}{\376\377\0003\000.\0002\000.\0003\000.\0002\0007\000\040\000t\000h\000r\000e\000a\000d\000\137\000D\000\137\000t\000i\000d}{subsection.3.2.3}% 81
\BOOKMARK [3][-]{subsubsection.3.2.3.28}{\376\377\0003\000.\0002\000.\0003\000.\0002\0008\000\040\000u\000a\000r\000t\000\137\000c\000f\000g}{subsection.3.2.3}% 82
\BOOKMARK [3][-]{subsubsection.3.2.3.29}{\376\377\0003\000.\0002\000.\0003\000.\0002\0009\000\040\000u\000a\000r\000t\000\137\000d\000e\000v}{subsection.3.2.3}% 83
\BOOKMARK [3][-]{subsubsection.3.2.3.30}{\376\377\0003\000.\0002\000.\0003\000.\0003\0000\000\040\000u\000a\000r\000t\000\137\000r\000x\000\137\000r\000d\000y\000\137\000f\000l\000a\000g}{subsection.3.2.3}% 84
\BOOKMARK [3][-]{subsubsection.3.2.3.31}{\376\377\0003\000.\0002\000.\0003\000.\0003\0001\000\040\000w\000e\000l\000c\000o\000m\000e\000\137\000m\000e\000s\000g}{subsection.3.2.3}% 85
\BOOKMARK [1][-]{section.3.3}{\376\377\0003\000.\0003\000\040\000m\000a\000i\000n\000.\000h\000\040\000F\000i\000l\000e\000\040\000R\000e\000f\000e\000r\000e\000n\000c\000e}{chapter.3}% 86
\BOOKMARK [2][-]{subsection.3.3.1}{\376\377\0003\000.\0003\000.\0001\000\040\000D\000e\000t\000a\000i\000l\000e\000d\000\040\000D\000e\000s\000c\000r\000i\000p\000t\000i\000o\000n}{section.3.3}% 87
\BOOKMARK [2][-]{subsection.3.3.2}{\376\377\0003\000.\0003\000.\0002\000\040\000F\000u\000n\000c\000t\000i\000o\000n\000\040\000D\000o\000c\000u\000m\000e\000n\000t\000a\000t\000i\000o\000n}{section.3.3}% 88
\BOOKMARK [3][-]{subsubsection.3.3.2.1}{\376\377\0003\000.\0003\000.\0002\000.\0001\000\040\000b\000u\000t\0001\000p\000r\000e\000s\000s\000\137\000c\000b\000f\000u\000n\000c\000t\000i\000o\000n\000\050\000\051}{subsection.3.3.2}% 89
\BOOKMARK [3][-]{subsubsection.3.3.2.2}{\376\377\0003\000.\0003\000.\0002\000.\0002\000\040\000b\000u\000t\0002\000p\000r\000e\000s\000s\000\137\000c\000b\000f\000u\000n\000c\000t\000i\000o\000n\000\050\000\051}{subsection.3.3.2}% 90
\BOOKMARK [3][-]{subsubsection.3.3.2.3}{\376\377\0003\000.\0003\000.\0002\000.\0003\000\040\000b\000u\000t\0004\000p\000r\000e\000s\000s\000\137\000c\000b\000f\000u\000n\000c\000t\000i\000o\000n\000\050\000\051}{subsection.3.3.2}% 91
\BOOKMARK [3][-]{subsubsection.3.3.2.4}{\376\377\0003\000.\0003\000.\0002\000.\0004\000\040\000m\000a\000i\000n\000\050\000\051}{subsection.3.3.2}% 92
\BOOKMARK [3][-]{subsubsection.3.3.2.5}{\376\377\0003\000.\0003\000.\0002\000.\0005\000\040\000t\000h\000r\000e\000a\000d\000\137\000A\0001\000\137\000c\000o\000d\000e\000\050\000\051}{subsection.3.3.2}% 93
\BOOKMARK [3][-]{subsubsection.3.3.2.6}{\376\377\0003\000.\0003\000.\0002\000.\0006\000\040\000t\000h\000r\000e\000a\000d\000\137\000A\000\137\000c\000o\000d\000e\000\050\000\051}{subsection.3.3.2}% 94
\BOOKMARK [3][-]{subsubsection.3.3.2.7}{\376\377\0003\000.\0003\000.\0002\000.\0007\000\040\000t\000h\000r\000e\000a\000d\000\137\000B\000\137\000c\000o\000d\000e\000\050\000\051}{subsection.3.3.2}% 95
\BOOKMARK [3][-]{subsubsection.3.3.2.8}{\376\377\0003\000.\0003\000.\0002\000.\0008\000\040\000t\000h\000r\000e\000a\000d\000\137\000C\000\137\000c\000o\000d\000e\000\050\000\051}{subsection.3.3.2}% 96
\BOOKMARK [3][-]{subsubsection.3.3.2.9}{\376\377\0003\000.\0003\000.\0002\000.\0009\000\040\000t\000h\000r\000e\000a\000d\000\137\000D\000\137\000c\000o\000d\000e\000\050\000\051}{subsection.3.3.2}% 97
\BOOKMARK [0][-]{section*.7}{\376\377\000I\000n\000d\000e\000x}{}% 98
