\BOOKMARK [0][-]{chapter.1}{\376\377\0001\000\040\000B\000u\000g\000\040\000L\000i\000s\000t}{}% 1
\BOOKMARK [0][-]{chapter.2}{\376\377\0002\000\040\000F\000i\000l\000e\000\040\000I\000n\000d\000e\000x}{}% 2
\BOOKMARK [1][-]{section.2.1}{\376\377\0002\000.\0001\000\040\000F\000i\000l\000e\000\040\000L\000i\000s\000t}{chapter.2}% 3
\BOOKMARK [0][-]{chapter.3}{\376\377\0003\000\040\000F\000i\000l\000e\000\040\000D\000o\000c\000u\000m\000e\000n\000t\000a\000t\000i\000o\000n}{}% 4
\BOOKMARK [1][-]{section.3.1}{\376\377\0003\000.\0001\000\040\000C\000M\000a\000k\000e\000L\000i\000s\000t\000s\000.\000t\000x\000t\000\040\000F\000i\000l\000e\000\040\000R\000e\000f\000e\000r\000e\000n\000c\000e}{chapter.3}% 5
\BOOKMARK [2][-]{subsection.3.1.1}{\376\377\0003\000.\0001\000.\0001\000\040\000F\000u\000n\000c\000t\000i\000o\000n\000\040\000D\000o\000c\000u\000m\000e\000n\000t\000a\000t\000i\000o\000n}{section.3.1}% 6
\BOOKMARK [3][-]{subsubsection.3.1.1.1}{\376\377\0003\000.\0001\000.\0001\000.\0001\000\040\000c\000m\000a\000k\000e\000\137\000m\000i\000n\000i\000m\000u\000m\000\137\000r\000e\000q\000u\000i\000r\000e\000d\000\050\000\051}{subsection.3.1.1}% 7
\BOOKMARK [1][-]{section.3.2}{\376\377\0003\000.\0002\000\040\000m\000a\000i\000n\000.\000c\000\040\000F\000i\000l\000e\000\040\000R\000e\000f\000e\000r\000e\000n\000c\000e}{chapter.3}% 8
\BOOKMARK [2][-]{subsection.3.2.1}{\376\377\0003\000.\0002\000.\0001\000\040\000F\000u\000n\000c\000t\000i\000o\000n\000\040\000D\000o\000c\000u\000m\000e\000n\000t\000a\000t\000i\000o\000n}{section.3.2}% 9
\BOOKMARK [3][-]{subsubsection.3.2.1.1}{\376\377\0003\000.\0002\000.\0001\000.\0001\000\040\000b\000u\000t\0001\000p\000r\000e\000s\000s\000\137\000c\000b\000f\000u\000n\000c\000t\000i\000o\000n\000\050\000\051}{subsection.3.2.1}% 10
\BOOKMARK [3][-]{subsubsection.3.2.1.2}{\376\377\0003\000.\0002\000.\0001\000.\0002\000\040\000b\000u\000t\0002\000p\000r\000e\000s\000s\000\137\000c\000b\000f\000u\000n\000c\000t\000i\000o\000n\000\050\000\051}{subsection.3.2.1}% 11
\BOOKMARK [3][-]{subsubsection.3.2.1.3}{\376\377\0003\000.\0002\000.\0001\000.\0003\000\040\000b\000u\000t\0003\000p\000r\000e\000s\000s\000\137\000c\000b\000f\000u\000n\000c\000t\000i\000o\000n\000\050\000\051}{subsection.3.2.1}% 12
\BOOKMARK [3][-]{subsubsection.3.2.1.4}{\376\377\0003\000.\0002\000.\0001\000.\0004\000\040\000b\000u\000t\0004\000p\000r\000e\000s\000s\000\137\000c\000b\000f\000u\000n\000c\000t\000i\000o\000n\000\050\000\051}{subsection.3.2.1}% 13
\BOOKMARK [3][-]{subsubsection.3.2.1.5}{\376\377\0003\000.\0002\000.\0001\000.\0005\000\040\000b\000u\000t\0005\000p\000r\000e\000s\000s\000\137\000c\000b\000f\000u\000n\000c\000t\000i\000o\000n\000\050\000\051}{subsection.3.2.1}% 14
\BOOKMARK [3][-]{subsubsection.3.2.1.6}{\376\377\0003\000.\0002\000.\0001\000.\0006\000\040\000b\000u\000t\0006\000p\000r\000e\000s\000s\000\137\000c\000b\000f\000u\000n\000c\000t\000i\000o\000n\000\050\000\051}{subsection.3.2.1}% 15
\BOOKMARK [3][-]{subsubsection.3.2.1.7}{\376\377\0003\000.\0002\000.\0001\000.\0007\000\040\000b\000u\000t\0007\000p\000r\000e\000s\000s\000\137\000c\000b\000f\000u\000n\000c\000t\000i\000o\000n\000\050\000\051}{subsection.3.2.1}% 16
\BOOKMARK [3][-]{subsubsection.3.2.1.8}{\376\377\0003\000.\0002\000.\0001\000.\0008\000\040\000b\000u\000t\0008\000p\000r\000e\000s\000s\000\137\000c\000b\000f\000u\000n\000c\000t\000i\000o\000n\000\050\000\051}{subsection.3.2.1}% 17
\BOOKMARK [3][-]{subsubsection.3.2.1.9}{\376\377\0003\000.\0002\000.\0001\000.\0009\000\040\000C\000O\000N\000F\000\137\000B\000U\000T\000T\000\050\000\051}{subsection.3.2.1}% 18
\BOOKMARK [3][-]{subsubsection.3.2.1.10}{\376\377\0003\000.\0002\000.\0001\000.\0001\0000\000\040\000m\000a\000i\000n\000\050\000\051}{subsection.3.2.1}% 19
\BOOKMARK [2][-]{subsection.3.2.2}{\376\377\0003\000.\0002\000.\0002\000\040\000V\000a\000r\000i\000a\000b\000l\000e\000\040\000D\000o\000c\000u\000m\000e\000n\000t\000a\000t\000i\000o\000n}{section.3.2}% 20
\BOOKMARK [3][-]{subsubsection.3.2.2.1}{\376\377\0003\000.\0002\000.\0002\000.\0001\000\040\000C\000h\000e\000c\000k\000\137\000c\000r\000e\000d\000i\000t\000\137\000F\000l\000a\000g}{subsection.3.2.2}% 21
\BOOKMARK [3][-]{subsubsection.3.2.2.2}{\376\377\0003\000.\0002\000.\0002\000.\0002\000\040\000D\000o\000w\000n\000\137\000F\000l\000a\000g}{subsection.3.2.2}% 22
\BOOKMARK [3][-]{subsubsection.3.2.2.3}{\376\377\0003\000.\0002\000.\0002\000.\0003\000\040\000F\000l\000a\000g\000\137\0001\0000\0000\000\137\000C\000e\000n\000t}{subsection.3.2.2}% 23
\BOOKMARK [3][-]{subsubsection.3.2.2.4}{\376\377\0003\000.\0002\000.\0002\000.\0004\000\040\000F\000l\000a\000g\000\137\0001\0000\000\137\000C\000e\000n\000t}{subsection.3.2.2}% 24
\BOOKMARK [3][-]{subsubsection.3.2.2.5}{\376\377\0003\000.\0002\000.\0002\000.\0005\000\040\000F\000l\000a\000g\000\137\0002\0000\000\137\000C\000e\000n\000t}{subsection.3.2.2}% 25
\BOOKMARK [3][-]{subsubsection.3.2.2.6}{\376\377\0003\000.\0002\000.\0002\000.\0006\000\040\000F\000l\000a\000g\000\137\0005\0000\000\137\000C\000e\000n\000t}{subsection.3.2.2}% 26
\BOOKMARK [3][-]{subsubsection.3.2.2.7}{\376\377\0003\000.\0002\000.\0002\000.\0007\000\040\000g\000p\000i\000o\0000\000\137\000d\000e\000v}{subsection.3.2.2}% 27
\BOOKMARK [3][-]{subsubsection.3.2.2.8}{\376\377\0003\000.\0002\000.\0002\000.\0008\000\040\000N\000S}{subsection.3.2.2}% 28
\BOOKMARK [3][-]{subsubsection.3.2.2.9}{\376\377\0003\000.\0002\000.\0002\000.\0009\000\040\000p\000r\000o\000d\000u\000c\000t}{subsection.3.2.2}% 29
\BOOKMARK [3][-]{subsubsection.3.2.2.10}{\376\377\0003\000.\0002\000.\0002\000.\0001\0000\000\040\000R\000e\000t\000u\000r\000n\000\137\000F\000l\000a\000g}{subsection.3.2.2}% 30
\BOOKMARK [3][-]{subsubsection.3.2.2.11}{\376\377\0003\000.\0002\000.\0002\000.\0001\0001\000\040\000U\000p\000\137\000F\000l\000a\000g}{subsection.3.2.2}% 31
\BOOKMARK [1][-]{section.3.3}{\376\377\0003\000.\0003\000\040\000v\000e\000n\000d\000i\000n\000g\000\137\000m\000a\000c\000h\000i\000n\000e\000.\000h\000\040\000F\000i\000l\000e\000\040\000R\000e\000f\000e\000r\000e\000n\000c\000e}{chapter.3}% 32
\BOOKMARK [2][-]{subsection.3.3.1}{\376\377\0003\000.\0003\000.\0001\000\040\000D\000e\000t\000a\000i\000l\000e\000d\000\040\000D\000e\000s\000c\000r\000i\000p\000t\000i\000o\000n}{section.3.3}% 33
\BOOKMARK [2][-]{subsection.3.3.2}{\376\377\0003\000.\0003\000.\0002\000\040\000F\000u\000n\000c\000t\000i\000o\000n\000\040\000D\000o\000c\000u\000m\000e\000n\000t\000a\000t\000i\000o\000n}{section.3.3}% 34
\BOOKMARK [3][-]{subsubsection.3.3.2.1}{\376\377\0003\000.\0003\000.\0002\000.\0001\000\040\000b\000u\000t\0001\000p\000r\000e\000s\000s\000\137\000c\000b\000f\000u\000n\000c\000t\000i\000o\000n\000\050\000\051}{subsection.3.3.2}% 35
\BOOKMARK [3][-]{subsubsection.3.3.2.2}{\376\377\0003\000.\0003\000.\0002\000.\0002\000\040\000b\000u\000t\0002\000p\000r\000e\000s\000s\000\137\000c\000b\000f\000u\000n\000c\000t\000i\000o\000n\000\050\000\051}{subsection.3.3.2}% 36
\BOOKMARK [3][-]{subsubsection.3.3.2.3}{\376\377\0003\000.\0003\000.\0002\000.\0003\000\040\000b\000u\000t\0003\000p\000r\000e\000s\000s\000\137\000c\000b\000f\000u\000n\000c\000t\000i\000o\000n\000\050\000\051}{subsection.3.3.2}% 37
\BOOKMARK [3][-]{subsubsection.3.3.2.4}{\376\377\0003\000.\0003\000.\0002\000.\0004\000\040\000b\000u\000t\0004\000p\000r\000e\000s\000s\000\137\000c\000b\000f\000u\000n\000c\000t\000i\000o\000n\000\050\000\051}{subsection.3.3.2}% 38
\BOOKMARK [3][-]{subsubsection.3.3.2.5}{\376\377\0003\000.\0003\000.\0002\000.\0005\000\040\000b\000u\000t\0005\000p\000r\000e\000s\000s\000\137\000c\000b\000f\000u\000n\000c\000t\000i\000o\000n\000\050\000\051}{subsection.3.3.2}% 39
\BOOKMARK [3][-]{subsubsection.3.3.2.6}{\376\377\0003\000.\0003\000.\0002\000.\0006\000\040\000b\000u\000t\0006\000p\000r\000e\000s\000s\000\137\000c\000b\000f\000u\000n\000c\000t\000i\000o\000n\000\050\000\051}{subsection.3.3.2}% 40
\BOOKMARK [3][-]{subsubsection.3.3.2.7}{\376\377\0003\000.\0003\000.\0002\000.\0007\000\040\000b\000u\000t\0007\000p\000r\000e\000s\000s\000\137\000c\000b\000f\000u\000n\000c\000t\000i\000o\000n\000\050\000\051}{subsection.3.3.2}% 41
\BOOKMARK [3][-]{subsubsection.3.3.2.8}{\376\377\0003\000.\0003\000.\0002\000.\0008\000\040\000b\000u\000t\0008\000p\000r\000e\000s\000s\000\137\000c\000b\000f\000u\000n\000c\000t\000i\000o\000n\000\050\000\051}{subsection.3.3.2}% 42
\BOOKMARK [0][-]{section*.5}{\376\377\000I\000n\000d\000e\000x}{}% 43
